{"/home/didibaiano/Desktop/Projetos Driven/projeto-drivenpass/src/app.ts": {"path":"/home/didibaiano/Desktop/Projetos Driven/projeto-drivenpass/src/app.ts","statementMap":{"0":{"start":{"line":1,"column":0},"end":{"line":1,"column":41}},"1":{"start":{"line":2,"column":0},"end":{"line":2,"column":24}},"2":{"start":{"line":3,"column":0},"end":{"line":3,"column":60}},"3":{"start":{"line":4,"column":0},"end":{"line":4,"column":74}},"4":{"start":{"line":5,"column":0},"end":{"line":5,"column":44}},"5":{"start":{"line":7,"column":12},"end":{"line":7,"column":21}},"6":{"start":{"line":9,"column":0},"end":{"line":9,"column":10}},"7":{"start":{"line":11,"column":0},"end":{"line":11,"column":16}},"8":{"start":{"line":12,"column":0},"end":{"line":12,"column":24}},"9":{"start":{"line":13,"column":0},"end":{"line":13,"column":null}},"10":{"start":{"line":14,"column":0},"end":{"line":14,"column":null}},"11":{"start":{"line":15,"column":0},"end":{"line":15,"column":null}},"12":{"start":{"line":18,"column":4},"end":{"line":18,"column":null}},"13":{"start":{"line":19,"column":4},"end":{"line":19,"column":null}},"14":{"start":{"line":17,"column":0},"end":{"line":17,"column":16}},"15":{"start":{"line":23,"column":4},"end":{"line":23,"column":25}},"16":{"start":{"line":22,"column":0},"end":{"line":22,"column":7}},"17":{"start":{"line":26,"column":0},"end":{"line":26,"column":null}}},"fnMap":{"0":{"name":"init","decl":{"start":{"line":17,"column":16},"end":{"line":17,"column":20}},"loc":{"start":{"line":17,"column":20},"end":{"line":20,"column":1}}},"1":{"name":"close","decl":{"start":{"line":22,"column":22},"end":{"line":22,"column":27}},"loc":{"start":{"line":22,"column":27},"end":{"line":24,"column":1}}}},"branchMap":{},"s":{"0":3,"1":3,"2":3,"3":3,"4":3,"5":3,"6":3,"7":3,"8":3,"9":3,"10":3,"11":3,"12":3,"13":3,"14":3,"15":0,"16":3,"17":3},"f":{"0":3,"1":0},"b":{}}
,"/home/didibaiano/Desktop/Projetos Driven/projeto-drivenpass/src/server.ts": {"path":"/home/didibaiano/Desktop/Projetos Driven/projeto-drivenpass/src/server.ts","statementMap":{"0":{"start":{"line":1,"column":0},"end":{"line":1,"column":34}},"1":{"start":{"line":3,"column":13},"end":{"line":3,"column":38}},"2":{"start":{"line":5,"column":0},"end":{"line":9,"column":null}},"3":{"start":{"line":6,"column":4},"end":{"line":8,"column":null}},"4":{"start":{"line":7,"column":8},"end":{"line":7,"column":null}}},"fnMap":{"0":{"name":"(anonymous_6)","decl":{"start":{"line":5,"column":12},"end":{"line":5,"column":15}},"loc":{"start":{"line":5,"column":17},"end":{"line":9,"column":1}}},"1":{"name":"(anonymous_7)","decl":{"start":{"line":6,"column":21},"end":{"line":6,"column":24}},"loc":{"start":{"line":6,"column":26},"end":{"line":8,"column":5}}}},"branchMap":{"0":{"loc":{"start":{"line":3,"column":13},"end":{"line":3,"column":38}},"type":"binary-expr","locations":[{"start":{"line":3,"column":13},"end":{"line":3,"column":30}},{"start":{"line":3,"column":34},"end":{"line":3,"column":38}}]}},"s":{"0":0,"1":0,"2":0,"3":0,"4":0},"f":{"0":0,"1":0},"b":{"0":[0,0]}}
,"/home/didibaiano/Desktop/Projetos Driven/projeto-drivenpass/src/config/cryptr.ts": {"path":"/home/didibaiano/Desktop/Projetos Driven/projeto-drivenpass/src/config/cryptr.ts","statementMap":{"0":{"start":{"line":1,"column":0},"end":{"line":1,"column":27}},"1":{"start":{"line":3,"column":13},"end":{"line":3,"column":null}}},"fnMap":{},"branchMap":{},"s":{"0":3,"1":3},"f":{},"b":{}}
,"/home/didibaiano/Desktop/Projetos Driven/projeto-drivenpass/src/config/database.ts": {"path":"/home/didibaiano/Desktop/Projetos Driven/projeto-drivenpass/src/config/database.ts","statementMap":{"0":{"start":{"line":1,"column":0},"end":{"line":1,"column":46}},"1":{"start":{"line":6,"column":4},"end":{"line":6,"column":38}},"2":{"start":{"line":5,"column":0},"end":{"line":5,"column":16}},"3":{"start":{"line":10,"column":4},"end":{"line":10,"column":38}},"4":{"start":{"line":9,"column":0},"end":{"line":9,"column":7}}},"fnMap":{"0":{"name":"connectDB","decl":{"start":{"line":5,"column":16},"end":{"line":5,"column":25}},"loc":{"start":{"line":5,"column":25},"end":{"line":7,"column":1}}},"1":{"name":"disconnectDB","decl":{"start":{"line":9,"column":22},"end":{"line":9,"column":34}},"loc":{"start":{"line":9,"column":34},"end":{"line":11,"column":1}}}},"branchMap":{},"s":{"0":3,"1":3,"2":3,"3":0,"4":3},"f":{"0":3,"1":0},"b":{}}
,"/home/didibaiano/Desktop/Projetos Driven/projeto-drivenpass/src/config/loadEnvs.ts": {"path":"/home/didibaiano/Desktop/Projetos Driven/projeto-drivenpass/src/config/loadEnvs.ts","statementMap":{"0":{"start":{"line":1,"column":0},"end":{"line":1,"column":28}},"1":{"start":{"line":2,"column":0},"end":{"line":2,"column":41}},"2":{"start":{"line":6,"column":4},"end":{"line":10,"column":16}},"3":{"start":{"line":12,"column":22},"end":{"line":12,"column":45}},"4":{"start":{"line":13,"column":2},"end":{"line":13,"column":35}},"5":{"start":{"line":4,"column":0},"end":{"line":4,"column":16}}},"fnMap":{"0":{"name":"loadEnv","decl":{"start":{"line":4,"column":16},"end":{"line":4,"column":23}},"loc":{"start":{"line":4,"column":23},"end":{"line":14,"column":1}}}},"branchMap":{"0":{"loc":{"start":{"line":6,"column":4},"end":{"line":10,"column":16}},"type":"cond-expr","locations":[{"start":{"line":7,"column":8},"end":{"line":7,"column":19}},{"start":{"line":8,"column":8},"end":{"line":10,"column":16}}]},"1":{"loc":{"start":{"line":8,"column":8},"end":{"line":10,"column":16}},"type":"cond-expr","locations":[{"start":{"line":9,"column":10},"end":{"line":9,"column":28}},{"start":{"line":10,"column":10},"end":{"line":10,"column":16}}]}},"s":{"0":3,"1":3,"2":3,"3":3,"4":3,"5":3},"f":{"0":3},"b":{"0":[3,0],"1":[0,0]}}
,"/home/didibaiano/Desktop/Projetos Driven/projeto-drivenpass/src/controllers/credentials-controller.ts": {"path":"/home/didibaiano/Desktop/Projetos Driven/projeto-drivenpass/src/controllers/credentials-controller.ts","statementMap":{"0":{"start":{"line":2,"column":0},"end":{"line":2,"column":68}},"1":{"start":{"line":4,"column":0},"end":{"line":4,"column":37}},"2":{"start":{"line":7,"column":19},"end":{"line":7,"column":29}},"3":{"start":{"line":8,"column":27},"end":{"line":8,"column":35}},"4":{"start":{"line":10,"column":4},"end":{"line":16,"column":null}},"5":{"start":{"line":11,"column":8},"end":{"line":11,"column":null}},"6":{"start":{"line":12,"column":8},"end":{"line":12,"column":null}},"7":{"start":{"line":14,"column":8},"end":{"line":14,"column":27}},"8":{"start":{"line":15,"column":8},"end":{"line":15,"column":null}},"9":{"start":{"line":6,"column":0},"end":{"line":6,"column":7}},"10":{"start":{"line":20,"column":19},"end":{"line":20,"column":29}},"11":{"start":{"line":22,"column":4},"end":{"line":28,"column":null}},"12":{"start":{"line":23,"column":23},"end":{"line":23,"column":70}},"13":{"start":{"line":24,"column":8},"end":{"line":24,"column":null}},"14":{"start":{"line":26,"column":8},"end":{"line":26,"column":27}},"15":{"start":{"line":27,"column":8},"end":{"line":27,"column":null}},"16":{"start":{"line":19,"column":0},"end":{"line":19,"column":7}},"17":{"start":{"line":32,"column":17},"end":{"line":32,"column":27}},"18":{"start":{"line":34,"column":4},"end":{"line":40,"column":null}},"19":{"start":{"line":35,"column":23},"end":{"line":35,"column":77}},"20":{"start":{"line":36,"column":8},"end":{"line":36,"column":null}},"21":{"start":{"line":38,"column":8},"end":{"line":38,"column":27}},"22":{"start":{"line":39,"column":8},"end":{"line":39,"column":null}},"23":{"start":{"line":31,"column":0},"end":{"line":31,"column":7}},"24":{"start":{"line":44,"column":17},"end":{"line":44,"column":27}},"25":{"start":{"line":46,"column":4},"end":{"line":52,"column":null}},"26":{"start":{"line":47,"column":8},"end":{"line":47,"column":66}},"27":{"start":{"line":48,"column":8},"end":{"line":48,"column":null}},"28":{"start":{"line":50,"column":8},"end":{"line":50,"column":27}},"29":{"start":{"line":51,"column":8},"end":{"line":51,"column":null}},"30":{"start":{"line":43,"column":0},"end":{"line":43,"column":7}}},"fnMap":{"0":{"name":"postCredential","decl":{"start":{"line":6,"column":22},"end":{"line":6,"column":36}},"loc":{"start":{"line":6,"column":68},"end":{"line":17,"column":1}}},"1":{"name":"getAllCredentials","decl":{"start":{"line":19,"column":22},"end":{"line":19,"column":39}},"loc":{"start":{"line":19,"column":71},"end":{"line":29,"column":1}}},"2":{"name":"getCredentialById","decl":{"start":{"line":31,"column":22},"end":{"line":31,"column":39}},"loc":{"start":{"line":31,"column":71},"end":{"line":41,"column":1}}},"3":{"name":"deleteCredentialById","decl":{"start":{"line":43,"column":22},"end":{"line":43,"column":42}},"loc":{"start":{"line":43,"column":74},"end":{"line":53,"column":1}}}},"branchMap":{},"s":{"0":3,"1":3,"2":2,"3":2,"4":2,"5":2,"6":1,"7":1,"8":1,"9":3,"10":2,"11":2,"12":2,"13":1,"14":1,"15":1,"16":3,"17":3,"18":3,"19":3,"20":1,"21":2,"22":2,"23":3,"24":2,"25":2,"26":2,"27":1,"28":1,"29":1,"30":3},"f":{"0":2,"1":2,"2":3,"3":2},"b":{}}
,"/home/didibaiano/Desktop/Projetos Driven/projeto-drivenpass/src/controllers/index.ts": {"path":"/home/didibaiano/Desktop/Projetos Driven/projeto-drivenpass/src/controllers/index.ts","statementMap":{"0":{"start":{"line":1,"column":0},"end":{"line":1,"column":34}},"1":{"start":{"line":2,"column":0},"end":{"line":2,"column":40}},"2":{"start":{"line":3,"column":0},"end":{"line":3,"column":37}}},"fnMap":{},"branchMap":{},"s":{"0":3,"1":3,"2":3},"f":{},"b":{}}
,"/home/didibaiano/Desktop/Projetos Driven/projeto-drivenpass/src/controllers/networks-controller.ts": {"path":"/home/didibaiano/Desktop/Projetos Driven/projeto-drivenpass/src/controllers/networks-controller.ts","statementMap":{"0":{"start":{"line":2,"column":0},"end":{"line":2,"column":62}},"1":{"start":{"line":4,"column":0},"end":{"line":4,"column":37}},"2":{"start":{"line":7,"column":19},"end":{"line":7,"column":29}},"3":{"start":{"line":8,"column":24},"end":{"line":8,"column":32}},"4":{"start":{"line":10,"column":4},"end":{"line":16,"column":null}},"5":{"start":{"line":11,"column":8},"end":{"line":11,"column":null}},"6":{"start":{"line":12,"column":8},"end":{"line":12,"column":null}},"7":{"start":{"line":14,"column":8},"end":{"line":14,"column":27}},"8":{"start":{"line":15,"column":8},"end":{"line":15,"column":null}},"9":{"start":{"line":6,"column":0},"end":{"line":6,"column":7}},"10":{"start":{"line":20,"column":19},"end":{"line":20,"column":29}},"11":{"start":{"line":22,"column":4},"end":{"line":28,"column":null}},"12":{"start":{"line":23,"column":23},"end":{"line":23,"column":64}},"13":{"start":{"line":24,"column":8},"end":{"line":24,"column":null}},"14":{"start":{"line":26,"column":8},"end":{"line":26,"column":27}},"15":{"start":{"line":27,"column":8},"end":{"line":27,"column":null}},"16":{"start":{"line":19,"column":0},"end":{"line":19,"column":7}},"17":{"start":{"line":32,"column":17},"end":{"line":32,"column":27}},"18":{"start":{"line":34,"column":4},"end":{"line":40,"column":null}},"19":{"start":{"line":35,"column":23},"end":{"line":35,"column":71}},"20":{"start":{"line":36,"column":8},"end":{"line":36,"column":null}},"21":{"start":{"line":38,"column":8},"end":{"line":38,"column":27}},"22":{"start":{"line":39,"column":8},"end":{"line":39,"column":null}},"23":{"start":{"line":31,"column":0},"end":{"line":31,"column":7}},"24":{"start":{"line":44,"column":17},"end":{"line":44,"column":27}},"25":{"start":{"line":46,"column":4},"end":{"line":52,"column":null}},"26":{"start":{"line":47,"column":8},"end":{"line":47,"column":60}},"27":{"start":{"line":48,"column":8},"end":{"line":48,"column":null}},"28":{"start":{"line":50,"column":8},"end":{"line":50,"column":27}},"29":{"start":{"line":51,"column":8},"end":{"line":51,"column":null}},"30":{"start":{"line":43,"column":0},"end":{"line":43,"column":7}}},"fnMap":{"0":{"name":"postNetwork","decl":{"start":{"line":6,"column":22},"end":{"line":6,"column":33}},"loc":{"start":{"line":6,"column":65},"end":{"line":17,"column":1}}},"1":{"name":"getAllNetworks","decl":{"start":{"line":19,"column":22},"end":{"line":19,"column":36}},"loc":{"start":{"line":19,"column":68},"end":{"line":29,"column":1}}},"2":{"name":"getNetworkById","decl":{"start":{"line":31,"column":22},"end":{"line":31,"column":36}},"loc":{"start":{"line":31,"column":68},"end":{"line":41,"column":1}}},"3":{"name":"deleteNetworkById","decl":{"start":{"line":43,"column":22},"end":{"line":43,"column":39}},"loc":{"start":{"line":43,"column":71},"end":{"line":53,"column":1}}}},"branchMap":{},"s":{"0":3,"1":3,"2":2,"3":2,"4":2,"5":2,"6":1,"7":1,"8":1,"9":3,"10":2,"11":2,"12":2,"13":2,"14":0,"15":0,"16":3,"17":3,"18":3,"19":3,"20":1,"21":2,"22":2,"23":3,"24":2,"25":2,"26":2,"27":1,"28":1,"29":1,"30":3},"f":{"0":2,"1":2,"2":3,"3":2},"b":{}}
,"/home/didibaiano/Desktop/Projetos Driven/projeto-drivenpass/src/controllers/user-controller.ts": {"path":"/home/didibaiano/Desktop/Projetos Driven/projeto-drivenpass/src/controllers/user-controller.ts","statementMap":{"0":{"start":{"line":1,"column":0},"end":{"line":1,"column":54}},"1":{"start":{"line":3,"column":0},"end":{"line":3,"column":37}},"2":{"start":{"line":6,"column":30},"end":{"line":6,"column":38}},"3":{"start":{"line":8,"column":4},"end":{"line":14,"column":null}},"4":{"start":{"line":9,"column":21},"end":{"line":9,"column":66}},"5":{"start":{"line":10,"column":8},"end":{"line":10,"column":null}},"6":{"start":{"line":12,"column":8},"end":{"line":12,"column":null}},"7":{"start":{"line":13,"column":8},"end":{"line":13,"column":null}},"8":{"start":{"line":5,"column":0},"end":{"line":5,"column":7}},"9":{"start":{"line":18,"column":30},"end":{"line":18,"column":38}},"10":{"start":{"line":20,"column":4},"end":{"line":26,"column":null}},"11":{"start":{"line":21,"column":21},"end":{"line":21,"column":63}},"12":{"start":{"line":22,"column":8},"end":{"line":22,"column":52}},"13":{"start":{"line":24,"column":8},"end":{"line":24,"column":null}},"14":{"start":{"line":25,"column":8},"end":{"line":25,"column":null}},"15":{"start":{"line":17,"column":0},"end":{"line":17,"column":7}}},"fnMap":{"0":{"name":"singup","decl":{"start":{"line":5,"column":22},"end":{"line":5,"column":28}},"loc":{"start":{"line":5,"column":56},"end":{"line":15,"column":1}}},"1":{"name":"login","decl":{"start":{"line":17,"column":22},"end":{"line":17,"column":27}},"loc":{"start":{"line":17,"column":55},"end":{"line":27,"column":1}}}},"branchMap":{},"s":{"0":3,"1":3,"2":2,"3":2,"4":2,"5":1,"6":1,"7":1,"8":3,"9":2,"10":2,"11":2,"12":1,"13":1,"14":1,"15":3},"f":{"0":2,"1":2},"b":{}}
,"/home/didibaiano/Desktop/Projetos Driven/projeto-drivenpass/src/middlewares/auth-middleware.ts": {"path":"/home/didibaiano/Desktop/Projetos Driven/projeto-drivenpass/src/middlewares/auth-middleware.ts","statementMap":{"0":{"start":{"line":2,"column":0},"end":{"line":2,"column":37}},"1":{"start":{"line":3,"column":0},"end":{"line":3,"column":46}},"2":{"start":{"line":10,"column":28},"end":{"line":10,"column":39}},"3":{"start":{"line":11,"column":4},"end":{"line":13,"column":null}},"4":{"start":{"line":12,"column":8},"end":{"line":12,"column":55}},"5":{"start":{"line":15,"column":18},"end":{"line":15,"column":46}},"6":{"start":{"line":16,"column":4},"end":{"line":18,"column":null}},"7":{"start":{"line":17,"column":8},"end":{"line":17,"column":55}},"8":{"start":{"line":20,"column":21},"end":{"line":20,"column":76}},"9":{"start":{"line":22,"column":4},"end":{"line":22,"column":null}},"10":{"start":{"line":23,"column":4},"end":{"line":23,"column":null}},"11":{"start":{"line":9,"column":0},"end":{"line":9,"column":7}}},"fnMap":{"0":{"name":"authenticateToken","decl":{"start":{"line":9,"column":22},"end":{"line":9,"column":39}},"loc":{"start":{"line":9,"column":91},"end":{"line":24,"column":1}}}},"branchMap":{"0":{"loc":{"start":{"line":11,"column":4},"end":{"line":13,"column":null}},"type":"if","locations":[{"start":{"line":11,"column":4},"end":{"line":13,"column":null}}]},"1":{"loc":{"start":{"line":16,"column":4},"end":{"line":18,"column":null}},"type":"if","locations":[{"start":{"line":16,"column":4},"end":{"line":18,"column":null}}]}},"s":{"0":3,"1":3,"2":24,"3":24,"4":6,"5":18,"6":18,"7":0,"8":18,"9":18,"10":18,"11":3},"f":{"0":24},"b":{"0":[6],"1":[0]}}
,"/home/didibaiano/Desktop/Projetos Driven/projeto-drivenpass/src/middlewares/index.ts": {"path":"/home/didibaiano/Desktop/Projetos Driven/projeto-drivenpass/src/middlewares/index.ts","statementMap":{"0":{"start":{"line":1,"column":0},"end":{"line":1,"column":39}},"1":{"start":{"line":2,"column":0},"end":{"line":2,"column":33}}},"fnMap":{},"branchMap":{},"s":{"0":3,"1":3},"f":{},"b":{}}
,"/home/didibaiano/Desktop/Projetos Driven/projeto-drivenpass/src/middlewares/validation-middleware.ts": {"path":"/home/didibaiano/Desktop/Projetos Driven/projeto-drivenpass/src/middlewares/validation-middleware.ts","statementMap":{"0":{"start":{"line":1,"column":0},"end":{"line":1,"column":65}},"1":{"start":{"line":2,"column":0},"end":{"line":2,"column":60}},"2":{"start":{"line":3,"column":0},"end":{"line":3,"column":54}},"3":{"start":{"line":5,"column":0},"end":{"line":5,"column":37}},"4":{"start":{"line":8,"column":21},"end":{"line":8,"column":24}},"5":{"start":{"line":9,"column":22},"end":{"line":9,"column":72}},"6":{"start":{"line":11,"column":4},"end":{"line":13,"column":null}},"7":{"start":{"line":12,"column":8},"end":{"line":12,"column":null}},"8":{"start":{"line":15,"column":19},"end":{"line":17,"column":6}},"9":{"start":{"line":16,"column":8},"end":{"line":16,"column":null}},"10":{"start":{"line":19,"column":4},"end":{"line":19,"column":null}},"11":{"start":{"line":7,"column":0},"end":{"line":7,"column":7}},"12":{"start":{"line":23,"column":19},"end":{"line":23,"column":22}},"13":{"start":{"line":24,"column":20},"end":{"line":24,"column":72}},"14":{"start":{"line":26,"column":4},"end":{"line":26,"column":30}},"15":{"start":{"line":26,"column":16},"end":{"line":26,"column":30}},"16":{"start":{"line":28,"column":19},"end":{"line":30,"column":6}},"17":{"start":{"line":29,"column":8},"end":{"line":29,"column":null}},"18":{"start":{"line":31,"column":4},"end":{"line":31,"column":null}},"19":{"start":{"line":22,"column":0},"end":{"line":22,"column":7}},"20":{"start":{"line":35,"column":19},"end":{"line":35,"column":22}},"21":{"start":{"line":36,"column":20},"end":{"line":36,"column":69}},"22":{"start":{"line":38,"column":4},"end":{"line":38,"column":30}},"23":{"start":{"line":38,"column":16},"end":{"line":38,"column":30}},"24":{"start":{"line":40,"column":19},"end":{"line":42,"column":6}},"25":{"start":{"line":41,"column":8},"end":{"line":41,"column":null}},"26":{"start":{"line":43,"column":4},"end":{"line":43,"column":null}},"27":{"start":{"line":34,"column":0},"end":{"line":34,"column":7}}},"fnMap":{"0":{"name":"signInValidation","decl":{"start":{"line":7,"column":22},"end":{"line":7,"column":38}},"loc":{"start":{"line":7,"column":86},"end":{"line":20,"column":1}}},"1":{"name":"(anonymous_2)","decl":{"start":{"line":15,"column":38},"end":{"line":15,"column":39}},"loc":{"start":{"line":15,"column":44},"end":{"line":17,"column":5}}},"2":{"name":"credentialsValidation","decl":{"start":{"line":22,"column":22},"end":{"line":22,"column":43}},"loc":{"start":{"line":22,"column":91},"end":{"line":32,"column":1}}},"3":{"name":"(anonymous_4)","decl":{"start":{"line":28,"column":37},"end":{"line":28,"column":38}},"loc":{"start":{"line":28,"column":43},"end":{"line":30,"column":5}}},"4":{"name":"networksValidation","decl":{"start":{"line":34,"column":22},"end":{"line":34,"column":40}},"loc":{"start":{"line":34,"column":88},"end":{"line":44,"column":1}}},"5":{"name":"(anonymous_6)","decl":{"start":{"line":40,"column":37},"end":{"line":40,"column":38}},"loc":{"start":{"line":40,"column":43},"end":{"line":42,"column":5}}}},"branchMap":{"0":{"loc":{"start":{"line":11,"column":4},"end":{"line":13,"column":null}},"type":"if","locations":[{"start":{"line":11,"column":4},"end":{"line":13,"column":null}}]},"1":{"loc":{"start":{"line":26,"column":4},"end":{"line":26,"column":30}},"type":"if","locations":[{"start":{"line":26,"column":4},"end":{"line":26,"column":30}}]},"2":{"loc":{"start":{"line":38,"column":4},"end":{"line":38,"column":30}},"type":"if","locations":[{"start":{"line":38,"column":4},"end":{"line":38,"column":30}}]}},"s":{"0":3,"1":3,"2":3,"3":3,"4":2,"5":2,"6":2,"7":2,"8":0,"9":0,"10":0,"11":3,"12":2,"13":2,"14":2,"15":2,"16":0,"17":0,"18":0,"19":3,"20":2,"21":2,"22":2,"23":2,"24":0,"25":0,"26":0,"27":3},"f":{"0":2,"1":0,"2":2,"3":0,"4":2,"5":0},"b":{"0":[2],"1":[2],"2":[2]}}
,"/home/didibaiano/Desktop/Projetos Driven/projeto-drivenpass/src/repositories/credentials-repository.ts": {"path":"/home/didibaiano/Desktop/Projetos Driven/projeto-drivenpass/src/repositories/credentials-repository.ts","statementMap":{"0":{"start":{"line":1,"column":0},"end":{"line":1,"column":49}},"1":{"start":{"line":6,"column":47},"end":{"line":6,"column":61}},"2":{"start":{"line":8,"column":4},"end":{"line":16,"column":null}},"3":{"start":{"line":21,"column":22},"end":{"line":21,"column":36}},"4":{"start":{"line":23,"column":4},"end":{"line":28,"column":null}},"5":{"start":{"line":32,"column":4},"end":{"line":36,"column":null}},"6":{"start":{"line":40,"column":4},"end":{"line":44,"column":null}},"7":{"start":{"line":48,"column":4},"end":{"line":52,"column":null}},"8":{"start":{"line":55,"column":13},"end":{"line":61,"column":null}}},"fnMap":{"0":{"name":"createCredential","decl":{"start":{"line":4,"column":15},"end":{"line":4,"column":31}},"loc":{"start":{"line":4,"column":79},"end":{"line":17,"column":1}}},"1":{"name":"findExistingtCredential","decl":{"start":{"line":19,"column":15},"end":{"line":19,"column":38}},"loc":{"start":{"line":19,"column":86},"end":{"line":29,"column":1}}},"2":{"name":"findAllCredentials","decl":{"start":{"line":31,"column":15},"end":{"line":31,"column":33}},"loc":{"start":{"line":31,"column":48},"end":{"line":37,"column":1}}},"3":{"name":"findFirstCredential","decl":{"start":{"line":39,"column":15},"end":{"line":39,"column":34}},"loc":{"start":{"line":39,"column":45},"end":{"line":45,"column":1}}},"4":{"name":"deleteCredential","decl":{"start":{"line":47,"column":15},"end":{"line":47,"column":31}},"loc":{"start":{"line":47,"column":42},"end":{"line":53,"column":1}}}},"branchMap":{},"s":{"0":3,"1":1,"2":1,"3":2,"4":2,"5":2,"6":5,"7":1,"8":3},"f":{"0":1,"1":2,"2":2,"3":5,"4":1},"b":{}}
,"/home/didibaiano/Desktop/Projetos Driven/projeto-drivenpass/src/repositories/netwokrs-repository.ts": {"path":"/home/didibaiano/Desktop/Projetos Driven/projeto-drivenpass/src/repositories/netwokrs-repository.ts","statementMap":{"0":{"start":{"line":1,"column":0},"end":{"line":1,"column":49}},"1":{"start":{"line":6,"column":41},"end":{"line":6,"column":52}},"2":{"start":{"line":8,"column":4},"end":{"line":15,"column":null}},"3":{"start":{"line":20,"column":22},"end":{"line":20,"column":33}},"4":{"start":{"line":22,"column":4},"end":{"line":27,"column":null}},"5":{"start":{"line":31,"column":4},"end":{"line":35,"column":null}},"6":{"start":{"line":39,"column":4},"end":{"line":43,"column":null}},"7":{"start":{"line":47,"column":4},"end":{"line":51,"column":null}},"8":{"start":{"line":54,"column":13},"end":{"line":60,"column":null}}},"fnMap":{"0":{"name":"createNetwork","decl":{"start":{"line":4,"column":15},"end":{"line":4,"column":28}},"loc":{"start":{"line":4,"column":70},"end":{"line":16,"column":1}}},"1":{"name":"findExistingtNetwork","decl":{"start":{"line":18,"column":15},"end":{"line":18,"column":35}},"loc":{"start":{"line":18,"column":77},"end":{"line":28,"column":1}}},"2":{"name":"findAllNetworks","decl":{"start":{"line":30,"column":15},"end":{"line":30,"column":30}},"loc":{"start":{"line":30,"column":45},"end":{"line":36,"column":1}}},"3":{"name":"findFirstNetwork","decl":{"start":{"line":38,"column":15},"end":{"line":38,"column":31}},"loc":{"start":{"line":38,"column":42},"end":{"line":44,"column":1}}},"4":{"name":"deleteNetwork","decl":{"start":{"line":46,"column":15},"end":{"line":46,"column":28}},"loc":{"start":{"line":46,"column":39},"end":{"line":52,"column":1}}}},"branchMap":{},"s":{"0":3,"1":1,"2":1,"3":2,"4":2,"5":2,"6":5,"7":1,"8":3},"f":{"0":1,"1":2,"2":2,"3":5,"4":1},"b":{}}
,"/home/didibaiano/Desktop/Projetos Driven/projeto-drivenpass/src/repositories/user-repository.ts": {"path":"/home/didibaiano/Desktop/Projetos Driven/projeto-drivenpass/src/repositories/user-repository.ts","statementMap":{"0":{"start":{"line":1,"column":0},"end":{"line":1,"column":49}},"1":{"start":{"line":4,"column":4},"end":{"line":9,"column":null}},"2":{"start":{"line":13,"column":4},"end":{"line":17,"column":null}},"3":{"start":{"line":21,"column":13},"end":{"line":24,"column":null}}},"fnMap":{"0":{"name":"createUser","decl":{"start":{"line":3,"column":15},"end":{"line":3,"column":25}},"loc":{"start":{"line":3,"column":57},"end":{"line":10,"column":1}}},"1":{"name":"findUserByEmail","decl":{"start":{"line":12,"column":15},"end":{"line":12,"column":30}},"loc":{"start":{"line":12,"column":44},"end":{"line":18,"column":1}}}},"branchMap":{},"s":{"0":3,"1":1,"2":4,"3":3},"f":{"0":1,"1":4},"b":{}}
,"/home/didibaiano/Desktop/Projetos Driven/projeto-drivenpass/src/routers/credentials-router.ts": {"path":"/home/didibaiano/Desktop/Projetos Driven/projeto-drivenpass/src/routers/credentials-router.ts","statementMap":{"0":{"start":{"line":1,"column":0},"end":{"line":1,"column":107}},"1":{"start":{"line":2,"column":0},"end":{"line":2,"column":73}},"2":{"start":{"line":3,"column":0},"end":{"line":3,"column":33}},"3":{"start":{"line":6,"column":26},"end":{"line":6,"column":34}},"4":{"start":{"line":14,"column":9},"end":{"line":14,"column":26}},"5":{"start":{"line":8,"column":0},"end":{"line":12,"column":null}}},"fnMap":{},"branchMap":{},"s":{"0":3,"1":3,"2":3,"3":3,"4":3,"5":3},"f":{},"b":{}}
,"/home/didibaiano/Desktop/Projetos Driven/projeto-drivenpass/src/routers/index.ts": {"path":"/home/didibaiano/Desktop/Projetos Driven/projeto-drivenpass/src/routers/index.ts","statementMap":{"0":{"start":{"line":1,"column":0},"end":{"line":1,"column":29}},"1":{"start":{"line":2,"column":0},"end":{"line":2,"column":36}},"2":{"start":{"line":3,"column":0},"end":{"line":3,"column":33}}},"fnMap":{},"branchMap":{},"s":{"0":3,"1":3,"2":3},"f":{},"b":{}}
,"/home/didibaiano/Desktop/Projetos Driven/projeto-drivenpass/src/routers/networks-router.ts": {"path":"/home/didibaiano/Desktop/Projetos Driven/projeto-drivenpass/src/routers/networks-router.ts","statementMap":{"0":{"start":{"line":1,"column":0},"end":{"line":1,"column":95}},"1":{"start":{"line":2,"column":0},"end":{"line":2,"column":70}},"2":{"start":{"line":3,"column":0},"end":{"line":3,"column":33}},"3":{"start":{"line":5,"column":23},"end":{"line":5,"column":31}},"4":{"start":{"line":13,"column":8},"end":{"line":13,"column":22}},"5":{"start":{"line":7,"column":0},"end":{"line":11,"column":null}}},"fnMap":{},"branchMap":{},"s":{"0":3,"1":3,"2":3,"3":3,"4":3,"5":3},"f":{},"b":{}}
,"/home/didibaiano/Desktop/Projetos Driven/projeto-drivenpass/src/routers/user-router.ts": {"path":"/home/didibaiano/Desktop/Projetos Driven/projeto-drivenpass/src/routers/user-router.ts","statementMap":{"0":{"start":{"line":1,"column":0},"end":{"line":1,"column":46}},"1":{"start":{"line":2,"column":0},"end":{"line":2,"column":50}},"2":{"start":{"line":3,"column":0},"end":{"line":3,"column":33}},"3":{"start":{"line":5,"column":19},"end":{"line":5,"column":27}},"4":{"start":{"line":10,"column":8},"end":{"line":10,"column":18}},"5":{"start":{"line":7,"column":0},"end":{"line":9,"column":23}}},"fnMap":{},"branchMap":{},"s":{"0":3,"1":3,"2":3,"3":3,"4":3,"5":3},"f":{},"b":{}}
,"/home/didibaiano/Desktop/Projetos Driven/projeto-drivenpass/src/schemas/credential-schemas.ts": {"path":"/home/didibaiano/Desktop/Projetos Driven/projeto-drivenpass/src/schemas/credential-schemas.ts","statementMap":{"0":{"start":{"line":1,"column":0},"end":{"line":1,"column":21}},"1":{"start":{"line":3,"column":13},"end":{"line":8,"column":null}}},"fnMap":{},"branchMap":{},"s":{"0":4,"1":4},"f":{},"b":{}}
,"/home/didibaiano/Desktop/Projetos Driven/projeto-drivenpass/src/schemas/networks-schemas.ts": {"path":"/home/didibaiano/Desktop/Projetos Driven/projeto-drivenpass/src/schemas/networks-schemas.ts","statementMap":{"0":{"start":{"line":1,"column":0},"end":{"line":1,"column":21}},"1":{"start":{"line":3,"column":13},"end":{"line":7,"column":null}}},"fnMap":{},"branchMap":{},"s":{"0":4,"1":4},"f":{},"b":{}}
,"/home/didibaiano/Desktop/Projetos Driven/projeto-drivenpass/src/schemas/user-schemas.ts": {"path":"/home/didibaiano/Desktop/Projetos Driven/projeto-drivenpass/src/schemas/user-schemas.ts","statementMap":{"0":{"start":{"line":1,"column":0},"end":{"line":1,"column":22}},"1":{"start":{"line":3,"column":13},"end":{"line":6,"column":null}}},"fnMap":{},"branchMap":{},"s":{"0":4,"1":4},"f":{},"b":{}}
,"/home/didibaiano/Desktop/Projetos Driven/projeto-drivenpass/src/services/credentials-service.ts": {"path":"/home/didibaiano/Desktop/Projetos Driven/projeto-drivenpass/src/services/credentials-service.ts","statementMap":{"0":{"start":{"line":1,"column":0},"end":{"line":1,"column":41}},"1":{"start":{"line":2,"column":0},"end":{"line":2,"column":78}},"2":{"start":{"line":7,"column":31},"end":{"line":7,"column":106}},"3":{"start":{"line":8,"column":4},"end":{"line":10,"column":null}},"4":{"start":{"line":9,"column":8},"end":{"line":9,"column":null}},"5":{"start":{"line":12,"column":4},"end":{"line":12,"column":null}},"6":{"start":{"line":13,"column":19},"end":{"line":13,"column":87}},"7":{"start":{"line":15,"column":4},"end":{"line":15,"column":10}},"8":{"start":{"line":19,"column":19},"end":{"line":19,"column":73}},"9":{"start":{"line":21,"column":4},"end":{"line":21,"column":24}},"10":{"start":{"line":23,"column":4},"end":{"line":25,"column":null}},"11":{"start":{"line":24,"column":8},"end":{"line":24,"column":null}},"12":{"start":{"line":27,"column":20},"end":{"line":30,"column":6}},"13":{"start":{"line":28,"column":8},"end":{"line":28,"column":null}},"14":{"start":{"line":29,"column":8},"end":{"line":29,"column":null}},"15":{"start":{"line":32,"column":4},"end":{"line":32,"column":null}},"16":{"start":{"line":36,"column":19},"end":{"line":36,"column":70}},"17":{"start":{"line":38,"column":4},"end":{"line":40,"column":null}},"18":{"start":{"line":39,"column":8},"end":{"line":39,"column":null}},"19":{"start":{"line":42,"column":4},"end":{"line":42,"column":46}},"20":{"start":{"line":44,"column":4},"end":{"line":44,"column":18}},"21":{"start":{"line":48,"column":31},"end":{"line":48,"column":82}},"22":{"start":{"line":50,"column":4},"end":{"line":52,"column":null}},"23":{"start":{"line":51,"column":8},"end":{"line":51,"column":null}},"24":{"start":{"line":54,"column":4},"end":{"line":54,"column":null}},"25":{"start":{"line":58,"column":4},"end":{"line":58,"column":51}},"26":{"start":{"line":62,"column":4},"end":{"line":62,"column":null}},"27":{"start":{"line":72,"column":13},"end":{"line":77,"column":null}}},"fnMap":{"0":{"name":"postCredential","decl":{"start":{"line":5,"column":15},"end":{"line":5,"column":29}},"loc":{"start":{"line":5,"column":77},"end":{"line":16,"column":1}}},"1":{"name":"getCredentials","decl":{"start":{"line":18,"column":15},"end":{"line":18,"column":29}},"loc":{"start":{"line":18,"column":44},"end":{"line":33,"column":1}}},"2":{"name":"(anonymous_2)","decl":{"start":{"line":27,"column":31},"end":{"line":27,"column":32}},"loc":{"start":{"line":27,"column":37},"end":{"line":30,"column":5}}},"3":{"name":"getCredentialById","decl":{"start":{"line":35,"column":15},"end":{"line":35,"column":32}},"loc":{"start":{"line":35,"column":43},"end":{"line":45,"column":1}}},"4":{"name":"deleteCredentialById","decl":{"start":{"line":47,"column":15},"end":{"line":47,"column":35}},"loc":{"start":{"line":47,"column":46},"end":{"line":55,"column":1}}},"5":{"name":"encryptPassword","decl":{"start":{"line":57,"column":9},"end":{"line":57,"column":24}},"loc":{"start":{"line":57,"column":56},"end":{"line":59,"column":1}}},"6":{"name":"decryptPassword","decl":{"start":{"line":61,"column":9},"end":{"line":61,"column":24}},"loc":{"start":{"line":61,"column":56},"end":{"line":63,"column":1}}}},"branchMap":{"0":{"loc":{"start":{"line":8,"column":4},"end":{"line":10,"column":null}},"type":"if","locations":[{"start":{"line":8,"column":4},"end":{"line":10,"column":null}}]},"1":{"loc":{"start":{"line":23,"column":4},"end":{"line":25,"column":null}},"type":"if","locations":[{"start":{"line":23,"column":4},"end":{"line":25,"column":null}}]},"2":{"loc":{"start":{"line":23,"column":8},"end":{"line":23,"column":38}},"type":"binary-expr","locations":[{"start":{"line":23,"column":8},"end":{"line":23,"column":15}},{"start":{"line":23,"column":19},"end":{"line":23,"column":38}}]},"3":{"loc":{"start":{"line":38,"column":4},"end":{"line":40,"column":null}},"type":"if","locations":[{"start":{"line":38,"column":4},"end":{"line":40,"column":null}}]},"4":{"loc":{"start":{"line":50,"column":4},"end":{"line":52,"column":null}},"type":"if","locations":[{"start":{"line":50,"column":4},"end":{"line":52,"column":null}}]}},"s":{"0":3,"1":3,"2":2,"3":2,"4":1,"5":1,"6":1,"7":1,"8":2,"9":2,"10":2,"11":1,"12":1,"13":1,"14":1,"15":1,"16":3,"17":3,"18":2,"19":1,"20":1,"21":2,"22":2,"23":1,"24":1,"25":1,"26":2,"27":3},"f":{"0":2,"1":2,"2":1,"3":3,"4":2,"5":1,"6":2},"b":{"0":[1],"1":[1],"2":[2,2],"3":[2],"4":[1]}}
,"/home/didibaiano/Desktop/Projetos Driven/projeto-drivenpass/src/services/networks-service.ts": {"path":"/home/didibaiano/Desktop/Projetos Driven/projeto-drivenpass/src/services/networks-service.ts","statementMap":{"0":{"start":{"line":1,"column":0},"end":{"line":1,"column":41}},"1":{"start":{"line":2,"column":0},"end":{"line":2,"column":72}},"2":{"start":{"line":7,"column":28},"end":{"line":7,"column":94}},"3":{"start":{"line":8,"column":4},"end":{"line":10,"column":null}},"4":{"start":{"line":9,"column":8},"end":{"line":9,"column":null}},"5":{"start":{"line":12,"column":4},"end":{"line":12,"column":null}},"6":{"start":{"line":13,"column":19},"end":{"line":13,"column":78}},"7":{"start":{"line":15,"column":4},"end":{"line":15,"column":10}},"8":{"start":{"line":19,"column":19},"end":{"line":19,"column":67}},"9":{"start":{"line":21,"column":4},"end":{"line":21,"column":24}},"10":{"start":{"line":23,"column":4},"end":{"line":25,"column":null}},"11":{"start":{"line":24,"column":8},"end":{"line":24,"column":null}},"12":{"start":{"line":27,"column":20},"end":{"line":30,"column":6}},"13":{"start":{"line":28,"column":8},"end":{"line":28,"column":null}},"14":{"start":{"line":29,"column":8},"end":{"line":29,"column":null}},"15":{"start":{"line":33,"column":4},"end":{"line":33,"column":null}},"16":{"start":{"line":37,"column":19},"end":{"line":37,"column":64}},"17":{"start":{"line":39,"column":4},"end":{"line":41,"column":null}},"18":{"start":{"line":40,"column":8},"end":{"line":40,"column":null}},"19":{"start":{"line":43,"column":4},"end":{"line":43,"column":46}},"20":{"start":{"line":45,"column":4},"end":{"line":45,"column":18}},"21":{"start":{"line":49,"column":28},"end":{"line":49,"column":73}},"22":{"start":{"line":51,"column":4},"end":{"line":53,"column":null}},"23":{"start":{"line":52,"column":8},"end":{"line":52,"column":null}},"24":{"start":{"line":55,"column":4},"end":{"line":55,"column":null}},"25":{"start":{"line":59,"column":4},"end":{"line":59,"column":48}},"26":{"start":{"line":63,"column":4},"end":{"line":63,"column":null}},"27":{"start":{"line":72,"column":13},"end":{"line":77,"column":null}}},"fnMap":{"0":{"name":"postNetwork","decl":{"start":{"line":5,"column":15},"end":{"line":5,"column":26}},"loc":{"start":{"line":5,"column":68},"end":{"line":16,"column":1}}},"1":{"name":"getNetworks","decl":{"start":{"line":18,"column":15},"end":{"line":18,"column":26}},"loc":{"start":{"line":18,"column":41},"end":{"line":34,"column":1}}},"2":{"name":"(anonymous_2)","decl":{"start":{"line":27,"column":31},"end":{"line":27,"column":32}},"loc":{"start":{"line":27,"column":37},"end":{"line":30,"column":5}}},"3":{"name":"getNetworkById","decl":{"start":{"line":36,"column":15},"end":{"line":36,"column":29}},"loc":{"start":{"line":36,"column":40},"end":{"line":46,"column":1}}},"4":{"name":"deleteNetworkById","decl":{"start":{"line":48,"column":15},"end":{"line":48,"column":32}},"loc":{"start":{"line":48,"column":43},"end":{"line":56,"column":1}}},"5":{"name":"encryptPassword","decl":{"start":{"line":58,"column":9},"end":{"line":58,"column":24}},"loc":{"start":{"line":58,"column":50},"end":{"line":60,"column":1}}},"6":{"name":"decryptPassword","decl":{"start":{"line":62,"column":9},"end":{"line":62,"column":24}},"loc":{"start":{"line":62,"column":50},"end":{"line":64,"column":1}}}},"branchMap":{"0":{"loc":{"start":{"line":8,"column":4},"end":{"line":10,"column":null}},"type":"if","locations":[{"start":{"line":8,"column":4},"end":{"line":10,"column":null}}]},"1":{"loc":{"start":{"line":23,"column":4},"end":{"line":25,"column":null}},"type":"if","locations":[{"start":{"line":23,"column":4},"end":{"line":25,"column":null}}]},"2":{"loc":{"start":{"line":39,"column":4},"end":{"line":41,"column":null}},"type":"if","locations":[{"start":{"line":39,"column":4},"end":{"line":41,"column":null}}]},"3":{"loc":{"start":{"line":51,"column":4},"end":{"line":53,"column":null}},"type":"if","locations":[{"start":{"line":51,"column":4},"end":{"line":53,"column":null}}]}},"s":{"0":3,"1":3,"2":2,"3":2,"4":1,"5":1,"6":1,"7":1,"8":2,"9":2,"10":2,"11":0,"12":2,"13":1,"14":1,"15":2,"16":3,"17":3,"18":2,"19":1,"20":1,"21":2,"22":2,"23":1,"24":1,"25":1,"26":2,"27":3},"f":{"0":2,"1":2,"2":1,"3":3,"4":2,"5":1,"6":2},"b":{"0":[1],"1":[0],"2":[2],"3":[1]}}
,"/home/didibaiano/Desktop/Projetos Driven/projeto-drivenpass/src/services/user-service.ts": {"path":"/home/didibaiano/Desktop/Projetos Driven/projeto-drivenpass/src/services/user-service.ts","statementMap":{"0":{"start":{"line":1,"column":0},"end":{"line":1,"column":62}},"1":{"start":{"line":2,"column":0},"end":{"line":2,"column":28}},"2":{"start":{"line":3,"column":0},"end":{"line":3,"column":31}},"3":{"start":{"line":7,"column":25},"end":{"line":7,"column":67}},"4":{"start":{"line":8,"column":4},"end":{"line":8,"column":64}},"5":{"start":{"line":8,"column":22},"end":{"line":8,"column":64}},"6":{"start":{"line":10,"column":27},"end":{"line":10,"column":58}},"7":{"start":{"line":12,"column":17},"end":{"line":12,"column":70}},"8":{"start":{"line":14,"column":4},"end":{"line":14,"column":null}},"9":{"start":{"line":19,"column":17},"end":{"line":19,"column":59}},"10":{"start":{"line":20,"column":4},"end":{"line":20,"column":51}},"11":{"start":{"line":20,"column":15},"end":{"line":20,"column":51}},"12":{"start":{"line":22,"column":4},"end":{"line":22,"column":57}},"13":{"start":{"line":24,"column":19},"end":{"line":24,"column":26}},"14":{"start":{"line":25,"column":18},"end":{"line":25,"column":62}},"15":{"start":{"line":27,"column":4},"end":{"line":31,"column":null}},"16":{"start":{"line":35,"column":31},"end":{"line":35,"column":75}},"17":{"start":{"line":37,"column":4},"end":{"line":37,"column":72}},"18":{"start":{"line":37,"column":29},"end":{"line":37,"column":72}},"19":{"start":{"line":41,"column":13},"end":{"line":44,"column":null}}},"fnMap":{"0":{"name":"createUser","decl":{"start":{"line":5,"column":15},"end":{"line":5,"column":25}},"loc":{"start":{"line":5,"column":57},"end":{"line":15,"column":1}}},"1":{"name":"getUser","decl":{"start":{"line":17,"column":15},"end":{"line":17,"column":22}},"loc":{"start":{"line":17,"column":54},"end":{"line":32,"column":1}}},"2":{"name":"checkIfPasswordsMatch","decl":{"start":{"line":34,"column":15},"end":{"line":34,"column":36}},"loc":{"start":{"line":34,"column":75},"end":{"line":38,"column":1}}}},"branchMap":{"0":{"loc":{"start":{"line":8,"column":4},"end":{"line":8,"column":64}},"type":"if","locations":[{"start":{"line":8,"column":4},"end":{"line":8,"column":64}}]},"1":{"loc":{"start":{"line":20,"column":4},"end":{"line":20,"column":51}},"type":"if","locations":[{"start":{"line":20,"column":4},"end":{"line":20,"column":51}}]},"2":{"loc":{"start":{"line":37,"column":4},"end":{"line":37,"column":72}},"type":"if","locations":[{"start":{"line":37,"column":4},"end":{"line":37,"column":72}}]}},"s":{"0":3,"1":3,"2":3,"3":2,"4":2,"5":1,"6":1,"7":1,"8":1,"9":2,"10":2,"11":1,"12":1,"13":1,"14":1,"15":1,"16":1,"17":1,"18":0,"19":3},"f":{"0":2,"1":2,"2":1},"b":{"0":[1],"1":[1],"2":[0]}}
}
