TN:
SF:src/app.ts
FN:17,init
FN:22,close
FNF:2
FNH:1
FNDA:3,init
FNDA:0,close
DA:1,3
DA:2,3
DA:3,3
DA:4,3
DA:5,3
DA:7,3
DA:9,3
DA:11,3
DA:12,3
DA:13,3
DA:14,3
DA:15,3
DA:17,3
DA:18,3
DA:19,3
DA:22,3
DA:23,0
DA:26,3
LF:18
LH:17
BRF:0
BRH:0
end_of_record
TN:
SF:src/server.ts
FN:5,(anonymous_6)
FN:6,(anonymous_7)
FNF:2
FNH:0
FNDA:0,(anonymous_6)
FNDA:0,(anonymous_7)
DA:1,0
DA:3,0
DA:5,0
DA:6,0
DA:7,0
LF:5
LH:0
BRDA:3,0,0,0
BRDA:3,0,1,0
BRF:2
BRH:0
end_of_record
TN:
SF:src/config/cryptr.ts
FNF:0
FNH:0
DA:1,3
DA:3,3
LF:2
LH:2
BRF:0
BRH:0
end_of_record
TN:
SF:src/config/database.ts
FN:5,connectDB
FN:9,disconnectDB
FNF:2
FNH:1
FNDA:3,connectDB
FNDA:0,disconnectDB
DA:1,3
DA:5,3
DA:6,3
DA:9,3
DA:10,0
LF:5
LH:4
BRF:0
BRH:0
end_of_record
TN:
SF:src/config/loadEnvs.ts
FN:4,loadEnv
FNF:1
FNH:1
FNDA:3,loadEnv
DA:1,3
DA:2,3
DA:4,3
DA:6,3
DA:12,3
DA:13,3
LF:6
LH:6
BRDA:6,0,0,3
BRDA:6,0,1,0
BRDA:8,1,0,0
BRDA:8,1,1,0
BRF:4
BRH:1
end_of_record
TN:
SF:src/controllers/credentials-controller.ts
FN:6,postCredential
FN:19,getAllCredentials
FN:31,getCredentialById
FN:43,deleteCredentialById
FNF:4
FNH:4
FNDA:2,postCredential
FNDA:2,getAllCredentials
FNDA:3,getCredentialById
FNDA:2,deleteCredentialById
DA:2,3
DA:4,3
DA:6,3
DA:7,2
DA:8,2
DA:10,2
DA:11,2
DA:12,1
DA:14,1
DA:15,1
DA:19,3
DA:20,2
DA:22,2
DA:23,2
DA:24,1
DA:26,1
DA:27,1
DA:31,3
DA:32,3
DA:34,3
DA:35,3
DA:36,1
DA:38,2
DA:39,2
DA:43,3
DA:44,2
DA:46,2
DA:47,2
DA:48,1
DA:50,1
DA:51,1
LF:31
LH:31
BRF:0
BRH:0
end_of_record
TN:
SF:src/controllers/index.ts
FNF:0
FNH:0
DA:1,3
DA:2,3
DA:3,3
LF:3
LH:3
BRF:0
BRH:0
end_of_record
TN:
SF:src/controllers/networks-controller.ts
FN:6,postNetwork
FN:19,getAllNetworks
FN:31,getNetworkById
FN:43,deleteNetworkById
FNF:4
FNH:4
FNDA:2,postNetwork
FNDA:2,getAllNetworks
FNDA:3,getNetworkById
FNDA:2,deleteNetworkById
DA:2,3
DA:4,3
DA:6,3
DA:7,2
DA:8,2
DA:10,2
DA:11,2
DA:12,1
DA:14,1
DA:15,1
DA:19,3
DA:20,2
DA:22,2
DA:23,2
DA:24,2
DA:26,0
DA:27,0
DA:31,3
DA:32,3
DA:34,3
DA:35,3
DA:36,1
DA:38,2
DA:39,2
DA:43,3
DA:44,2
DA:46,2
DA:47,2
DA:48,1
DA:50,1
DA:51,1
LF:31
LH:29
BRF:0
BRH:0
end_of_record
TN:
SF:src/controllers/user-controller.ts
FN:5,singup
FN:17,login
FNF:2
FNH:2
FNDA:2,singup
FNDA:2,login
DA:1,3
DA:3,3
DA:5,3
DA:6,2
DA:8,2
DA:9,2
DA:10,1
DA:12,1
DA:13,1
DA:17,3
DA:18,2
DA:20,2
DA:21,2
DA:22,1
DA:24,1
DA:25,1
LF:16
LH:16
BRF:0
BRH:0
end_of_record
TN:
SF:src/middlewares/auth-middleware.ts
FN:9,authenticateToken
FNF:1
FNH:1
FNDA:24,authenticateToken
DA:2,3
DA:3,3
DA:9,3
DA:10,24
DA:11,24
DA:12,6
DA:15,18
DA:16,18
DA:17,0
DA:20,18
DA:22,18
DA:23,18
LF:12
LH:11
BRDA:11,0,0,6
BRDA:16,1,0,0
BRF:2
BRH:1
end_of_record
TN:
SF:src/middlewares/index.ts
FNF:0
FNH:0
DA:1,3
DA:2,3
LF:2
LH:2
BRF:0
BRH:0
end_of_record
TN:
SF:src/middlewares/validation-middleware.ts
FN:7,signInValidation
FN:15,(anonymous_2)
FN:22,credentialsValidation
FN:28,(anonymous_4)
FN:34,networksValidation
FN:40,(anonymous_6)
FNF:6
FNH:3
FNDA:2,signInValidation
FNDA:0,(anonymous_2)
FNDA:2,credentialsValidation
FNDA:0,(anonymous_4)
FNDA:2,networksValidation
FNDA:0,(anonymous_6)
DA:1,3
DA:2,3
DA:3,3
DA:5,3
DA:7,3
DA:8,2
DA:9,2
DA:11,2
DA:12,2
DA:15,0
DA:16,0
DA:19,0
DA:22,3
DA:23,2
DA:24,2
DA:26,2
DA:28,0
DA:29,0
DA:31,0
DA:34,3
DA:35,2
DA:36,2
DA:38,2
DA:40,0
DA:41,0
DA:43,0
LF:26
LH:17
BRDA:11,0,0,2
BRDA:26,1,0,2
BRDA:38,2,0,2
BRF:3
BRH:3
end_of_record
TN:
SF:src/repositories/credentials-repository.ts
FN:4,createCredential
FN:19,findExistingtCredential
FN:31,findAllCredentials
FN:39,findFirstCredential
FN:47,deleteCredential
FNF:5
FNH:5
FNDA:1,createCredential
FNDA:2,findExistingtCredential
FNDA:2,findAllCredentials
FNDA:5,findFirstCredential
FNDA:1,deleteCredential
DA:1,3
DA:6,1
DA:8,1
DA:21,2
DA:23,2
DA:32,2
DA:40,5
DA:48,1
DA:55,3
LF:9
LH:9
BRF:0
BRH:0
end_of_record
TN:
SF:src/repositories/netwokrs-repository.ts
FN:4,createNetwork
FN:18,findExistingtNetwork
FN:30,findAllNetworks
FN:38,findFirstNetwork
FN:46,deleteNetwork
FNF:5
FNH:5
FNDA:1,createNetwork
FNDA:2,findExistingtNetwork
FNDA:2,findAllNetworks
FNDA:5,findFirstNetwork
FNDA:1,deleteNetwork
DA:1,3
DA:6,1
DA:8,1
DA:20,2
DA:22,2
DA:31,2
DA:39,5
DA:47,1
DA:54,3
LF:9
LH:9
BRF:0
BRH:0
end_of_record
TN:
SF:src/repositories/user-repository.ts
FN:3,createUser
FN:12,findUserByEmail
FNF:2
FNH:2
FNDA:1,createUser
FNDA:4,findUserByEmail
DA:1,3
DA:4,1
DA:13,4
DA:21,3
LF:4
LH:4
BRF:0
BRH:0
end_of_record
TN:
SF:src/routers/credentials-router.ts
FNF:0
FNH:0
DA:1,3
DA:2,3
DA:3,3
DA:6,3
DA:8,3
DA:14,3
LF:6
LH:6
BRF:0
BRH:0
end_of_record
TN:
SF:src/routers/index.ts
FNF:0
FNH:0
DA:1,3
DA:2,3
DA:3,3
LF:3
LH:3
BRF:0
BRH:0
end_of_record
TN:
SF:src/routers/networks-router.ts
FNF:0
FNH:0
DA:1,3
DA:2,3
DA:3,3
DA:5,3
DA:7,3
DA:13,3
LF:6
LH:6
BRF:0
BRH:0
end_of_record
TN:
SF:src/routers/user-router.ts
FNF:0
FNH:0
DA:1,3
DA:2,3
DA:3,3
DA:5,3
DA:7,3
DA:10,3
LF:6
LH:6
BRF:0
BRH:0
end_of_record
TN:
SF:src/schemas/credential-schemas.ts
FNF:0
FNH:0
DA:1,4
DA:3,4
LF:2
LH:2
BRF:0
BRH:0
end_of_record
TN:
SF:src/schemas/networks-schemas.ts
FNF:0
FNH:0
DA:1,4
DA:3,4
LF:2
LH:2
BRF:0
BRH:0
end_of_record
TN:
SF:src/schemas/user-schemas.ts
FNF:0
FNH:0
DA:1,4
DA:3,4
LF:2
LH:2
BRF:0
BRH:0
end_of_record
TN:
SF:src/services/credentials-service.ts
FN:5,postCredential
FN:18,getCredentials
FN:27,(anonymous_2)
FN:35,getCredentialById
FN:47,deleteCredentialById
FN:57,encryptPassword
FN:61,decryptPassword
FNF:7
FNH:7
FNDA:2,postCredential
FNDA:2,getCredentials
FNDA:1,(anonymous_2)
FNDA:3,getCredentialById
FNDA:2,deleteCredentialById
FNDA:1,encryptPassword
FNDA:2,decryptPassword
DA:1,3
DA:2,3
DA:7,2
DA:8,2
DA:9,1
DA:12,1
DA:13,1
DA:15,1
DA:19,2
DA:21,2
DA:23,2
DA:24,1
DA:27,1
DA:28,1
DA:29,1
DA:32,1
DA:36,3
DA:38,3
DA:39,2
DA:42,1
DA:44,1
DA:48,2
DA:50,2
DA:51,1
DA:54,1
DA:58,1
DA:62,2
DA:72,3
LF:28
LH:28
BRDA:8,0,0,1
BRDA:23,1,0,1
BRDA:23,2,0,2
BRDA:23,2,1,2
BRDA:38,3,0,2
BRDA:50,4,0,1
BRF:6
BRH:6
end_of_record
TN:
SF:src/services/networks-service.ts
FN:5,postNetwork
FN:18,getNetworks
FN:27,(anonymous_2)
FN:36,getNetworkById
FN:48,deleteNetworkById
FN:58,encryptPassword
FN:62,decryptPassword
FNF:7
FNH:7
FNDA:2,postNetwork
FNDA:2,getNetworks
FNDA:1,(anonymous_2)
FNDA:3,getNetworkById
FNDA:2,deleteNetworkById
FNDA:1,encryptPassword
FNDA:2,decryptPassword
DA:1,3
DA:2,3
DA:7,2
DA:8,2
DA:9,1
DA:12,1
DA:13,1
DA:15,1
DA:19,2
DA:21,2
DA:23,2
DA:24,0
DA:27,2
DA:28,1
DA:29,1
DA:33,2
DA:37,3
DA:39,3
DA:40,2
DA:43,1
DA:45,1
DA:49,2
DA:51,2
DA:52,1
DA:55,1
DA:59,1
DA:63,2
DA:72,3
LF:28
LH:27
BRDA:8,0,0,1
BRDA:23,1,0,0
BRDA:39,2,0,2
BRDA:51,3,0,1
BRF:4
BRH:3
end_of_record
TN:
SF:src/services/user-service.ts
FN:5,createUser
FN:17,getUser
FN:34,checkIfPasswordsMatch
FNF:3
FNH:3
FNDA:2,createUser
FNDA:2,getUser
FNDA:1,checkIfPasswordsMatch
DA:1,3
DA:2,3
DA:3,3
DA:7,2
DA:8,2
DA:10,1
DA:12,1
DA:14,1
DA:19,2
DA:20,2
DA:22,1
DA:24,1
DA:25,1
DA:27,1
DA:35,1
DA:37,1
DA:41,3
LF:17
LH:17
BRDA:8,0,0,1
BRDA:20,1,0,1
BRDA:37,2,0,0
BRF:3
BRH:2
end_of_record
